mode: set
sigs.k8s.io/cluster-api-provider-genesis/pkg/apis/genesis/v1alpha1/register.go:44.53,46.2 1 0
sigs.k8s.io/cluster-api-provider-genesis/pkg/apis/genesis/v1alpha1/zz_generated.deepcopy.go:27.85,34.2 6 1
sigs.k8s.io/cluster-api-provider-genesis/pkg/apis/genesis/v1alpha1/zz_generated.deepcopy.go:37.78,38.15 1 1
sigs.k8s.io/cluster-api-provider-genesis/pkg/apis/genesis/v1alpha1/zz_generated.deepcopy.go:41.2,43.12 3 1
sigs.k8s.io/cluster-api-provider-genesis/pkg/apis/genesis/v1alpha1/zz_generated.deepcopy.go:38.15,40.3 1 0
sigs.k8s.io/cluster-api-provider-genesis/pkg/apis/genesis/v1alpha1/zz_generated.deepcopy.go:47.71,48.34 1 0
sigs.k8s.io/cluster-api-provider-genesis/pkg/apis/genesis/v1alpha1/zz_generated.deepcopy.go:51.2,51.12 1 0
sigs.k8s.io/cluster-api-provider-genesis/pkg/apis/genesis/v1alpha1/zz_generated.deepcopy.go:48.34,50.3 1 0
sigs.k8s.io/cluster-api-provider-genesis/pkg/apis/genesis/v1alpha1/zz_generated.deepcopy.go:55.93,59.21 4 0
sigs.k8s.io/cluster-api-provider-genesis/pkg/apis/genesis/v1alpha1/zz_generated.deepcopy.go:66.2,66.8 1 0
sigs.k8s.io/cluster-api-provider-genesis/pkg/apis/genesis/v1alpha1/zz_generated.deepcopy.go:59.21,62.22 3 0
sigs.k8s.io/cluster-api-provider-genesis/pkg/apis/genesis/v1alpha1/zz_generated.deepcopy.go:62.22,64.4 1 0
sigs.k8s.io/cluster-api-provider-genesis/pkg/apis/genesis/v1alpha1/zz_generated.deepcopy.go:70.86,71.15 1 0
sigs.k8s.io/cluster-api-provider-genesis/pkg/apis/genesis/v1alpha1/zz_generated.deepcopy.go:74.2,76.12 3 0
sigs.k8s.io/cluster-api-provider-genesis/pkg/apis/genesis/v1alpha1/zz_generated.deepcopy.go:71.15,73.3 1 0
sigs.k8s.io/cluster-api-provider-genesis/pkg/apis/genesis/v1alpha1/zz_generated.deepcopy.go:80.75,81.34 1 0
sigs.k8s.io/cluster-api-provider-genesis/pkg/apis/genesis/v1alpha1/zz_generated.deepcopy.go:84.2,84.12 1 0
sigs.k8s.io/cluster-api-provider-genesis/pkg/apis/genesis/v1alpha1/zz_generated.deepcopy.go:81.34,83.3 1 0
sigs.k8s.io/cluster-api-provider-genesis/pkg/apis/genesis/v1alpha1/zz_generated.deepcopy.go:88.93,91.2 2 0
sigs.k8s.io/cluster-api-provider-genesis/pkg/apis/genesis/v1alpha1/zz_generated.deepcopy.go:94.86,95.15 1 0
sigs.k8s.io/cluster-api-provider-genesis/pkg/apis/genesis/v1alpha1/zz_generated.deepcopy.go:98.2,100.12 3 0
sigs.k8s.io/cluster-api-provider-genesis/pkg/apis/genesis/v1alpha1/zz_generated.deepcopy.go:95.15,97.3 1 0
sigs.k8s.io/cluster-api-provider-genesis/pkg/apis/genesis/v1alpha1/zz_generated.deepcopy.go:104.97,107.2 2 0
sigs.k8s.io/cluster-api-provider-genesis/pkg/apis/genesis/v1alpha1/zz_generated.deepcopy.go:110.90,111.15 1 0
sigs.k8s.io/cluster-api-provider-genesis/pkg/apis/genesis/v1alpha1/zz_generated.deepcopy.go:114.2,116.12 3 0
sigs.k8s.io/cluster-api-provider-genesis/pkg/apis/genesis/v1alpha1/zz_generated.deepcopy.go:111.15,113.3 1 0
sigs.k8s.io/cluster-api-provider-genesis/pkg/apis/genesis/v1alpha1/zz_generated.deepcopy.go:120.89,127.2 6 1
sigs.k8s.io/cluster-api-provider-genesis/pkg/apis/genesis/v1alpha1/zz_generated.deepcopy.go:130.82,131.15 1 1
sigs.k8s.io/cluster-api-provider-genesis/pkg/apis/genesis/v1alpha1/zz_generated.deepcopy.go:134.2,136.12 3 1
sigs.k8s.io/cluster-api-provider-genesis/pkg/apis/genesis/v1alpha1/zz_generated.deepcopy.go:131.15,133.3 1 0
sigs.k8s.io/cluster-api-provider-genesis/pkg/apis/genesis/v1alpha1/zz_generated.deepcopy.go:140.73,141.34 1 0
sigs.k8s.io/cluster-api-provider-genesis/pkg/apis/genesis/v1alpha1/zz_generated.deepcopy.go:144.2,144.12 1 0
sigs.k8s.io/cluster-api-provider-genesis/pkg/apis/genesis/v1alpha1/zz_generated.deepcopy.go:141.34,143.3 1 0
sigs.k8s.io/cluster-api-provider-genesis/pkg/apis/genesis/v1alpha1/zz_generated.deepcopy.go:148.97,152.21 4 0
sigs.k8s.io/cluster-api-provider-genesis/pkg/apis/genesis/v1alpha1/zz_generated.deepcopy.go:159.2,159.8 1 0
sigs.k8s.io/cluster-api-provider-genesis/pkg/apis/genesis/v1alpha1/zz_generated.deepcopy.go:152.21,155.22 3 0
sigs.k8s.io/cluster-api-provider-genesis/pkg/apis/genesis/v1alpha1/zz_generated.deepcopy.go:155.22,157.4 1 0
sigs.k8s.io/cluster-api-provider-genesis/pkg/apis/genesis/v1alpha1/zz_generated.deepcopy.go:163.90,164.15 1 0
sigs.k8s.io/cluster-api-provider-genesis/pkg/apis/genesis/v1alpha1/zz_generated.deepcopy.go:167.2,169.12 3 0
sigs.k8s.io/cluster-api-provider-genesis/pkg/apis/genesis/v1alpha1/zz_generated.deepcopy.go:164.15,166.3 1 0
sigs.k8s.io/cluster-api-provider-genesis/pkg/apis/genesis/v1alpha1/zz_generated.deepcopy.go:173.77,174.34 1 0
sigs.k8s.io/cluster-api-provider-genesis/pkg/apis/genesis/v1alpha1/zz_generated.deepcopy.go:177.2,177.12 1 0
sigs.k8s.io/cluster-api-provider-genesis/pkg/apis/genesis/v1alpha1/zz_generated.deepcopy.go:174.34,176.3 1 0
sigs.k8s.io/cluster-api-provider-genesis/pkg/apis/genesis/v1alpha1/zz_generated.deepcopy.go:181.97,184.2 2 0
sigs.k8s.io/cluster-api-provider-genesis/pkg/apis/genesis/v1alpha1/zz_generated.deepcopy.go:187.90,188.15 1 0
sigs.k8s.io/cluster-api-provider-genesis/pkg/apis/genesis/v1alpha1/zz_generated.deepcopy.go:191.2,193.12 3 0
sigs.k8s.io/cluster-api-provider-genesis/pkg/apis/genesis/v1alpha1/zz_generated.deepcopy.go:188.15,190.3 1 0
sigs.k8s.io/cluster-api-provider-genesis/pkg/apis/genesis/v1alpha1/zz_generated.deepcopy.go:197.101,200.2 2 0
sigs.k8s.io/cluster-api-provider-genesis/pkg/apis/genesis/v1alpha1/zz_generated.deepcopy.go:203.94,204.15 1 0
sigs.k8s.io/cluster-api-provider-genesis/pkg/apis/genesis/v1alpha1/zz_generated.deepcopy.go:207.2,209.12 3 0
sigs.k8s.io/cluster-api-provider-genesis/pkg/apis/genesis/v1alpha1/zz_generated.deepcopy.go:204.15,206.3 1 0
sigs.k8s.io/cluster-api-provider-genesis/pkg/apis/genesis/v1alpha1/zz_generated.deepcopy.go:213.85,220.2 6 1
sigs.k8s.io/cluster-api-provider-genesis/pkg/apis/genesis/v1alpha1/zz_generated.deepcopy.go:223.78,224.15 1 1
sigs.k8s.io/cluster-api-provider-genesis/pkg/apis/genesis/v1alpha1/zz_generated.deepcopy.go:227.2,229.12 3 1
sigs.k8s.io/cluster-api-provider-genesis/pkg/apis/genesis/v1alpha1/zz_generated.deepcopy.go:224.15,226.3 1 0
sigs.k8s.io/cluster-api-provider-genesis/pkg/apis/genesis/v1alpha1/zz_generated.deepcopy.go:233.71,234.34 1 0
sigs.k8s.io/cluster-api-provider-genesis/pkg/apis/genesis/v1alpha1/zz_generated.deepcopy.go:237.2,237.12 1 0
sigs.k8s.io/cluster-api-provider-genesis/pkg/apis/genesis/v1alpha1/zz_generated.deepcopy.go:234.34,236.3 1 0
sigs.k8s.io/cluster-api-provider-genesis/pkg/apis/genesis/v1alpha1/zz_generated.deepcopy.go:241.93,245.21 4 0
sigs.k8s.io/cluster-api-provider-genesis/pkg/apis/genesis/v1alpha1/zz_generated.deepcopy.go:252.2,252.8 1 0
sigs.k8s.io/cluster-api-provider-genesis/pkg/apis/genesis/v1alpha1/zz_generated.deepcopy.go:245.21,248.22 3 0
sigs.k8s.io/cluster-api-provider-genesis/pkg/apis/genesis/v1alpha1/zz_generated.deepcopy.go:248.22,250.4 1 0
sigs.k8s.io/cluster-api-provider-genesis/pkg/apis/genesis/v1alpha1/zz_generated.deepcopy.go:256.86,257.15 1 0
sigs.k8s.io/cluster-api-provider-genesis/pkg/apis/genesis/v1alpha1/zz_generated.deepcopy.go:260.2,262.12 3 0
sigs.k8s.io/cluster-api-provider-genesis/pkg/apis/genesis/v1alpha1/zz_generated.deepcopy.go:257.15,259.3 1 0
sigs.k8s.io/cluster-api-provider-genesis/pkg/apis/genesis/v1alpha1/zz_generated.deepcopy.go:266.75,267.34 1 0
sigs.k8s.io/cluster-api-provider-genesis/pkg/apis/genesis/v1alpha1/zz_generated.deepcopy.go:270.2,270.12 1 0
sigs.k8s.io/cluster-api-provider-genesis/pkg/apis/genesis/v1alpha1/zz_generated.deepcopy.go:267.34,269.3 1 0
sigs.k8s.io/cluster-api-provider-genesis/pkg/apis/genesis/v1alpha1/zz_generated.deepcopy.go:274.93,277.2 2 0
sigs.k8s.io/cluster-api-provider-genesis/pkg/apis/genesis/v1alpha1/zz_generated.deepcopy.go:280.86,281.15 1 0
sigs.k8s.io/cluster-api-provider-genesis/pkg/apis/genesis/v1alpha1/zz_generated.deepcopy.go:284.2,286.12 3 0
sigs.k8s.io/cluster-api-provider-genesis/pkg/apis/genesis/v1alpha1/zz_generated.deepcopy.go:281.15,283.3 1 0
sigs.k8s.io/cluster-api-provider-genesis/pkg/apis/genesis/v1alpha1/zz_generated.deepcopy.go:290.97,293.2 2 0
sigs.k8s.io/cluster-api-provider-genesis/pkg/apis/genesis/v1alpha1/zz_generated.deepcopy.go:296.90,297.15 1 0
sigs.k8s.io/cluster-api-provider-genesis/pkg/apis/genesis/v1alpha1/zz_generated.deepcopy.go:300.2,302.12 3 0
sigs.k8s.io/cluster-api-provider-genesis/pkg/apis/genesis/v1alpha1/zz_generated.deepcopy.go:297.15,299.3 1 0
sigs.k8s.io/cluster-api-provider-genesis/pkg/apis/genesis/v1alpha1/zz_generated.deepcopy.go:306.89,313.2 6 1
sigs.k8s.io/cluster-api-provider-genesis/pkg/apis/genesis/v1alpha1/zz_generated.deepcopy.go:316.82,317.15 1 1
sigs.k8s.io/cluster-api-provider-genesis/pkg/apis/genesis/v1alpha1/zz_generated.deepcopy.go:320.2,322.12 3 1
sigs.k8s.io/cluster-api-provider-genesis/pkg/apis/genesis/v1alpha1/zz_generated.deepcopy.go:317.15,319.3 1 0
sigs.k8s.io/cluster-api-provider-genesis/pkg/apis/genesis/v1alpha1/zz_generated.deepcopy.go:326.73,327.34 1 0
sigs.k8s.io/cluster-api-provider-genesis/pkg/apis/genesis/v1alpha1/zz_generated.deepcopy.go:330.2,330.12 1 0
sigs.k8s.io/cluster-api-provider-genesis/pkg/apis/genesis/v1alpha1/zz_generated.deepcopy.go:327.34,329.3 1 0
sigs.k8s.io/cluster-api-provider-genesis/pkg/apis/genesis/v1alpha1/zz_generated.deepcopy.go:334.97,338.21 4 0
sigs.k8s.io/cluster-api-provider-genesis/pkg/apis/genesis/v1alpha1/zz_generated.deepcopy.go:345.2,345.8 1 0
sigs.k8s.io/cluster-api-provider-genesis/pkg/apis/genesis/v1alpha1/zz_generated.deepcopy.go:338.21,341.22 3 0
sigs.k8s.io/cluster-api-provider-genesis/pkg/apis/genesis/v1alpha1/zz_generated.deepcopy.go:341.22,343.4 1 0
sigs.k8s.io/cluster-api-provider-genesis/pkg/apis/genesis/v1alpha1/zz_generated.deepcopy.go:349.90,350.15 1 0
sigs.k8s.io/cluster-api-provider-genesis/pkg/apis/genesis/v1alpha1/zz_generated.deepcopy.go:353.2,355.12 3 0
sigs.k8s.io/cluster-api-provider-genesis/pkg/apis/genesis/v1alpha1/zz_generated.deepcopy.go:350.15,352.3 1 0
sigs.k8s.io/cluster-api-provider-genesis/pkg/apis/genesis/v1alpha1/zz_generated.deepcopy.go:359.77,360.34 1 0
sigs.k8s.io/cluster-api-provider-genesis/pkg/apis/genesis/v1alpha1/zz_generated.deepcopy.go:363.2,363.12 1 0
sigs.k8s.io/cluster-api-provider-genesis/pkg/apis/genesis/v1alpha1/zz_generated.deepcopy.go:360.34,362.3 1 0
sigs.k8s.io/cluster-api-provider-genesis/pkg/apis/genesis/v1alpha1/zz_generated.deepcopy.go:367.97,370.2 2 0
sigs.k8s.io/cluster-api-provider-genesis/pkg/apis/genesis/v1alpha1/zz_generated.deepcopy.go:373.90,374.15 1 0
sigs.k8s.io/cluster-api-provider-genesis/pkg/apis/genesis/v1alpha1/zz_generated.deepcopy.go:377.2,379.12 3 0
sigs.k8s.io/cluster-api-provider-genesis/pkg/apis/genesis/v1alpha1/zz_generated.deepcopy.go:374.15,376.3 1 0
sigs.k8s.io/cluster-api-provider-genesis/pkg/apis/genesis/v1alpha1/zz_generated.deepcopy.go:383.101,386.2 2 0
sigs.k8s.io/cluster-api-provider-genesis/pkg/apis/genesis/v1alpha1/zz_generated.deepcopy.go:389.94,390.15 1 0
sigs.k8s.io/cluster-api-provider-genesis/pkg/apis/genesis/v1alpha1/zz_generated.deepcopy.go:393.2,395.12 3 0
sigs.k8s.io/cluster-api-provider-genesis/pkg/apis/genesis/v1alpha1/zz_generated.deepcopy.go:390.15,392.3 1 0
sigs.k8s.io/cluster-api-provider-genesis/pkg/apis/genesis/v1alpha1/genesisclusterproviderspec_types.go:60.13,62.2 1 1
sigs.k8s.io/cluster-api-provider-genesis/pkg/apis/genesis/v1alpha1/genesisclusterproviderstatus_types.go:60.13,62.2 1 1
sigs.k8s.io/cluster-api-provider-genesis/pkg/apis/genesis/v1alpha1/genesismachineproviderspec_types.go:60.13,62.2 1 1
sigs.k8s.io/cluster-api-provider-genesis/pkg/apis/genesis/v1alpha1/genesismachineproviderstatus_types.go:60.13,62.2 1 1
